python : C:\Users\Alvin Sony\Desktop\Alvin\MCA\Sem 4\main project\traff\traffic_vision_ai\app.py:135: 
DeprecationWarning: datetime.datetime.utcnow() is deprecated and scheduled for removal in a future version. Use 
timezone-aware objects to represent datetimes in UTC: datetime.datetime.now(datetime.UTC).
At line:1 char:97
+ ... op-Process -Force; Start-Sleep -Seconds 2; python app.py 2>&1 | Out-F ...
+                                                ~~~~~~~~~~~~~~~~~~
    + CategoryInfo          : NotSpecified: (C:\Users\Alvin ...(datetime.UTC).:String) [], RemoteException
    + FullyQualifiedErrorId : NativeCommandError
 
  'timestamp': datetime.utcnow().isoformat()
C:\Users\Alvin Sony\Desktop\Alvin\MCA\Sem 4\main project\traff\traffic_vision_ai\app.py:150: DeprecationWarning: 
datetime.datetime.utcnow() is deprecated and scheduled for removal in a future version. Use timezone-aware objects to 
represent datetimes in UTC: datetime.datetime.now(datetime.UTC).
  socketio.emit('vehicle_count', {'lanes': lane_data, 'timestamp': datetime.utcnow().isoformat()})
[2026-02-26 09:11:42,306] INFO Adding job tentatively -- it will be properly scheduled when the scheduler starts
[2026-02-26 09:11:42,306] INFO Adding job tentatively -- it will be properly scheduled when the scheduler starts
[2026-02-26 09:11:42,306] INFO Adding job tentatively -- it will be properly scheduled when the scheduler starts
[2026-02-26 09:11:42,307] INFO Added job "job_fetch_weather" to job store "default"
[2026-02-26 09:11:42,307] INFO Added job "job_train_predictions" to job store "default"
[2026-02-26 09:11:42,307] INFO Added job "job_log_signal_efficiency" to job store "default"
[2026-02-26 09:11:42,307] INFO Scheduler started
[2026-02-26 09:11:42,307] INFO APScheduler started with 3 background jobs.
[2026-02-26 09:11:42,318] WARNING Werkzeug appears to be used in a production deployment. Consider switching to a 
production web server instead.
[2026-02-26 09:11:42,318] INFO Running job "job_fetch_weather (trigger: interval[0:10:00], next run at: 2026-02-26 
09:21:42 IST)" (scheduled at 2026-02-26 09:11:42.305990+05:30)
[2026-02-26 09:11:42,335] INFO Job "job_fetch_weather (trigger: interval[0:10:00], next run at: 2026-02-26 09:21:42 
IST)" executed successfully
Warning: Using yolov8n.pt default.
Initializing EasyOCR... (this might take a moment)
EasyOCR Initialized.
 * Serving Flask app 'app'
 * Debug mode: off
[2026-02-26 09:11:42,346] INFO [31m[1mWARNING: This is a development server. Do not use it in a production 
deployment. Use a production WSGI server instead.[0m
 * Running on all addresses (0.0.0.0)
 * Running on http://127.0.0.1:5000
 * Running on http://192.168.73.245:5000
[2026-02-26 09:11:42,346] INFO [33mPress CTRL+C to quit[0m
[2026-02-26 09:13:54,792] INFO 127.0.0.1 - - [26/Feb/2026 09:13:54] "GET /login HTTP/1.1" 200 -
[2026-02-26 09:13:54,892] INFO 127.0.0.1 - - [26/Feb/2026 09:13:54] "[36mGET /static/css/style.css HTTP/1.1[0m" 304 -
[2026-02-26 09:13:58,942] INFO 127.0.0.1 - - [26/Feb/2026 09:13:58] "GET /login HTTP/1.1" 200 -
[2026-02-26 09:13:58,964] INFO 127.0.0.1 - - [26/Feb/2026 09:13:58] "[36mGET /static/css/style.css HTTP/1.1[0m" 304 -
[2026-02-26 09:14:07,890] INFO 127.0.0.1 - - [26/Feb/2026 09:14:07] "GET / HTTP/1.1" 200 -
[2026-02-26 09:14:09,601] INFO 127.0.0.1 - - [26/Feb/2026 09:14:09] "GET / HTTP/1.1" 200 -
[2026-02-26 09:14:12,029] INFO 127.0.0.1 - - [26/Feb/2026 09:14:12] "GET /login HTTP/1.1" 200 -
[2026-02-26 09:14:12,055] INFO 127.0.0.1 - - [26/Feb/2026 09:14:12] "[36mGET /static/css/style.css HTTP/1.1[0m" 304 -
[2026-02-26 09:14:14,592] ERROR Exception on /login [POST]
Traceback (most recent call last):
  File "C:\Users\Alvin Sony\AppData\Roaming\Python\Python313\site-packages\sqlalchemy\engine\base.py", line 1967, in 
_exec_single_context
    self.dialect.do_execute(
    ~~~~~~~~~~~~~~~~~~~~~~~^
        cursor, str_statement, effective_parameters, context
        ^^^^^^^^^^^^^^^^^^^^^^^^^^^^^^^^^^^^^^^^^^^^^^^^^^^^
    )
    ^
  File "C:\Users\Alvin Sony\AppData\Roaming\Python\Python313\site-packages\sqlalchemy\engine\default.py", line 951, in 
do_execute
    cursor.execute(statement, parameters)
    ~~~~~~~~~~~~~~^^^^^^^^^^^^^^^^^^^^^^^
sqlite3.OperationalError: no such column: user.last_login

The above exception was the direct cause of the following exception:

Traceback (most recent call last):
  File "C:\Users\Alvin Sony\AppData\Roaming\Python\Python313\site-packages\flask\app.py", line 1511, in wsgi_app
    response = self.full_dispatch_request()
  File "C:\Users\Alvin Sony\AppData\Roaming\Python\Python313\site-packages\flask\app.py", line 919, in 
full_dispatch_request
    rv = self.handle_user_exception(e)
  File "C:\Users\Alvin Sony\AppData\Roaming\Python\Python313\site-packages\flask\app.py", line 917, in 
full_dispatch_request
    rv = self.dispatch_request()
  File "C:\Users\Alvin Sony\AppData\Roaming\Python\Python313\site-packages\flask\app.py", line 902, in dispatch_request
    return self.ensure_sync(self.view_functions[rule.endpoint])(**view_args)  # type: ignore[no-any-return]
           ~~~~~~~~~~~~~~~~~~~~~~~~~~~~~~~~~~~~~~~~~~~~~~~~~~~~^^^^^^^^^^^^^
  File "C:\Users\Alvin Sony\Desktop\Alvin\MCA\Sem 4\main project\traff\traffic_vision_ai\app.py", line 355, in login
    user = User.query.filter_by(username=username).first()
  File "C:\Users\Alvin Sony\AppData\Roaming\Python\Python313\site-packages\sqlalchemy\orm\query.py", line 2759, in 
first
    return self.limit(1)._iter().first()  # type: ignore
           ~~~~~~~~~~~~~~~~~~~^^
  File "C:\Users\Alvin Sony\AppData\Roaming\Python\Python313\site-packages\sqlalchemy\orm\query.py", line 2857, in 
_iter
    result: Union[ScalarResult[_T], Result[_T]] = self.session.execute(
                                                  ~~~~~~~~~~~~~~~~~~~~^
        statement,
        ^^^^^^^^^^
        params,
        ^^^^^^^
        execution_options={"_sa_orm_load_options": self.load_options},
        ^^^^^^^^^^^^^^^^^^^^^^^^^^^^^^^^^^^^^^^^^^^^^^^^^^^^^^^^^^^^^^
    )
    ^
  File "C:\Users\Alvin Sony\AppData\Roaming\Python\Python313\site-packages\sqlalchemy\orm\session.py", line 2365, in 
execute
    return self._execute_internal(
           ~~~~~~~~~~~~~~~~~~~~~~^
        statement,
        ^^^^^^^^^^
    ...<4 lines>...
        _add_event=_add_event,
        ^^^^^^^^^^^^^^^^^^^^^^
    )
    ^
  File "C:\Users\Alvin Sony\AppData\Roaming\Python\Python313\site-packages\sqlalchemy\orm\session.py", line 2251, in 
_execute_internal
    result: Result[Any] = compile_state_cls.orm_execute_statement(
                          ~~~~~~~~~~~~~~~~~~~~~~~~~~~~~~~~~~~~~~~^
        self,
        ^^^^^
    ...<4 lines>...
        conn,
        ^^^^^
    )
    ^
  File "C:\Users\Alvin Sony\AppData\Roaming\Python\Python313\site-packages\sqlalchemy\orm\context.py", line 306, in 
orm_execute_statement
    result = conn.execute(
        statement, params or {}, execution_options=execution_options
    )
  File "C:\Users\Alvin Sony\AppData\Roaming\Python\Python313\site-packages\sqlalchemy\engine\base.py", line 1419, in 
execute
    return meth(
        self,
        distilled_parameters,
        execution_options or NO_OPTIONS,
    )
  File "C:\Users\Alvin Sony\AppData\Roaming\Python\Python313\site-packages\sqlalchemy\sql\elements.py", line 526, in 
_execute_on_connection
    return connection._execute_clauseelement(
           ~~~~~~~~~~~~~~~~~~~~~~~~~~~~~~~~~^
        self, distilled_params, execution_options
        ^^^^^^^^^^^^^^^^^^^^^^^^^^^^^^^^^^^^^^^^^
    )
    ^
  File "C:\Users\Alvin Sony\AppData\Roaming\Python\Python313\site-packages\sqlalchemy\engine\base.py", line 1641, in 
_execute_clauseelement
    ret = self._execute_context(
        dialect,
    ...<8 lines>...
        cache_hit=cache_hit,
    )
  File "C:\Users\Alvin Sony\AppData\Roaming\Python\Python313\site-packages\sqlalchemy\engine\base.py", line 1846, in 
_execute_context
    return self._exec_single_context(
           ~~~~~~~~~~~~~~~~~~~~~~~~~^
        dialect, context, statement, parameters
        ^^^^^^^^^^^^^^^^^^^^^^^^^^^^^^^^^^^^^^^
    )
    ^
  File "C:\Users\Alvin Sony\AppData\Roaming\Python\Python313\site-packages\sqlalchemy\engine\base.py", line 1986, in 
_exec_single_context
    self._handle_dbapi_exception(
    ~~~~~~~~~~~~~~~~~~~~~~~~~~~~^
        e, str_statement, effective_parameters, cursor, context
        ^^^^^^^^^^^^^^^^^^^^^^^^^^^^^^^^^^^^^^^^^^^^^^^^^^^^^^^
    )
    ^
  File "C:\Users\Alvin Sony\AppData\Roaming\Python\Python313\site-packages\sqlalchemy\engine\base.py", line 2355, in 
_handle_dbapi_exception
    raise sqlalchemy_exception.with_traceback(exc_info[2]) from e
  File "C:\Users\Alvin Sony\AppData\Roaming\Python\Python313\site-packages\sqlalchemy\engine\base.py", line 1967, in 
_exec_single_context
    self.dialect.do_execute(
    ~~~~~~~~~~~~~~~~~~~~~~~^
        cursor, str_statement, effective_parameters, context
        ^^^^^^^^^^^^^^^^^^^^^^^^^^^^^^^^^^^^^^^^^^^^^^^^^^^^
    )
    ^
  File "C:\Users\Alvin Sony\AppData\Roaming\Python\Python313\site-packages\sqlalchemy\engine\default.py", line 951, in 
do_execute
    cursor.execute(statement, parameters)
    ~~~~~~~~~~~~~~^^^^^^^^^^^^^^^^^^^^^^^
sqlalchemy.exc.OperationalError: (sqlite3.OperationalError) no such column: user.last_login
[SQL: SELECT user.id AS user_id, user.username AS user_username, user.full_name AS user_full_name, user.phone_number 
AS user_phone_number, user.organization AS user_organization, user.password_hash AS user_password_hash, user.role AS 
user_role, user.password_changed_at AS user_password_changed_at, user.failed_login_attempts AS 
user_failed_login_attempts, user.is_locked AS user_is_locked, user.last_login AS user_last_login, user.created_at AS 
user_created_at 
FROM user 
WHERE user.username = ?
 LIMIT ? OFFSET ?]
[parameters: ('admin', 1, 0)]
(Background on this error at: https://sqlalche.me/e/20/e3q8)
[2026-02-26 09:14:14,605] INFO 127.0.0.1 - - [26/Feb/2026 09:14:14] "[35m[1mPOST /login HTTP/1.1[0m" 500 -
[2026-02-26 09:14:14,619] ERROR Exception on /login [POST]
Traceback (most recent call last):
  File "C:\Users\Alvin Sony\AppData\Roaming\Python\Python313\site-packages\sqlalchemy\engine\base.py", line 1967, in 
_exec_single_context
    self.dialect.do_execute(
    ~~~~~~~~~~~~~~~~~~~~~~~^
        cursor, str_statement, effective_parameters, context
        ^^^^^^^^^^^^^^^^^^^^^^^^^^^^^^^^^^^^^^^^^^^^^^^^^^^^
    )
    ^
  File "C:\Users\Alvin Sony\AppData\Roaming\Python\Python313\site-packages\sqlalchemy\engine\default.py", line 951, in 
do_execute
    cursor.execute(statement, parameters)
    ~~~~~~~~~~~~~~^^^^^^^^^^^^^^^^^^^^^^^
sqlite3.OperationalError: no such column: user.last_login

The above exception was the direct cause of the following exception:

Traceback (most recent call last):
  File "C:\Users\Alvin Sony\AppData\Roaming\Python\Python313\site-packages\flask\app.py", line 1511, in wsgi_app
    response = self.full_dispatch_request()
  File "C:\Users\Alvin Sony\AppData\Roaming\Python\Python313\site-packages\flask\app.py", line 919, in 
full_dispatch_request
    rv = self.handle_user_exception(e)
  File "C:\Users\Alvin Sony\AppData\Roaming\Python\Python313\site-packages\flask\app.py", line 917, in 
full_dispatch_request
    rv = self.dispatch_request()
  File "C:\Users\Alvin Sony\AppData\Roaming\Python\Python313\site-packages\flask\app.py", line 902, in dispatch_request
    return self.ensure_sync(self.view_functions[rule.endpoint])(**view_args)  # type: ignore[no-any-return]
           ~~~~~~~~~~~~~~~~~~~~~~~~~~~~~~~~~~~~~~~~~~~~~~~~~~~~^^^^^^^^^^^^^
  File "C:\Users\Alvin Sony\Desktop\Alvin\MCA\Sem 4\main project\traff\traffic_vision_ai\app.py", line 355, in login
    user = User.query.filter_by(username=username).first()
  File "C:\Users\Alvin Sony\AppData\Roaming\Python\Python313\site-packages\sqlalchemy\orm\query.py", line 2759, in 
first
    return self.limit(1)._iter().first()  # type: ignore
           ~~~~~~~~~~~~~~~~~~~^^
  File "C:\Users\Alvin Sony\AppData\Roaming\Python\Python313\site-packages\sqlalchemy\orm\query.py", line 2857, in 
_iter
    result: Union[ScalarResult[_T], Result[_T]] = self.session.execute(
                                                  ~~~~~~~~~~~~~~~~~~~~^
        statement,
        ^^^^^^^^^^
        params,
        ^^^^^^^
        execution_options={"_sa_orm_load_options": self.load_options},
        ^^^^^^^^^^^^^^^^^^^^^^^^^^^^^^^^^^^^^^^^^^^^^^^^^^^^^^^^^^^^^^
    )
    ^
  File "C:\Users\Alvin Sony\AppData\Roaming\Python\Python313\site-packages\sqlalchemy\orm\session.py", line 2365, in 
execute
    return self._execute_internal(
           ~~~~~~~~~~~~~~~~~~~~~~^
        statement,
        ^^^^^^^^^^
    ...<4 lines>...
        _add_event=_add_event,
        ^^^^^^^^^^^^^^^^^^^^^^
    )
    ^
  File "C:\Users\Alvin Sony\AppData\Roaming\Python\Python313\site-packages\sqlalchemy\orm\session.py", line 2251, in 
_execute_internal
    result: Result[Any] = compile_state_cls.orm_execute_statement(
                          ~~~~~~~~~~~~~~~~~~~~~~~~~~~~~~~~~~~~~~~^
        self,
        ^^^^^
    ...<4 lines>...
        conn,
        ^^^^^
    )
    ^
  File "C:\Users\Alvin Sony\AppData\Roaming\Python\Python313\site-packages\sqlalchemy\orm\context.py", line 306, in 
orm_execute_statement
    result = conn.execute(
        statement, params or {}, execution_options=execution_options
    )
  File "C:\Users\Alvin Sony\AppData\Roaming\Python\Python313\site-packages\sqlalchemy\engine\base.py", line 1419, in 
execute
    return meth(
        self,
        distilled_parameters,
        execution_options or NO_OPTIONS,
    )
  File "C:\Users\Alvin Sony\AppData\Roaming\Python\Python313\site-packages\sqlalchemy\sql\elements.py", line 526, in 
_execute_on_connection
    return connection._execute_clauseelement(
           ~~~~~~~~~~~~~~~~~~~~~~~~~~~~~~~~~^
        self, distilled_params, execution_options
        ^^^^^^^^^^^^^^^^^^^^^^^^^^^^^^^^^^^^^^^^^
    )
    ^
  File "C:\Users\Alvin Sony\AppData\Roaming\Python\Python313\site-packages\sqlalchemy\engine\base.py", line 1641, in 
_execute_clauseelement
    ret = self._execute_context(
        dialect,
    ...<8 lines>...
        cache_hit=cache_hit,
    )
  File "C:\Users\Alvin Sony\AppData\Roaming\Python\Python313\site-packages\sqlalchemy\engine\base.py", line 1846, in 
_execute_context
    return self._exec_single_context(
           ~~~~~~~~~~~~~~~~~~~~~~~~~^
        dialect, context, statement, parameters
        ^^^^^^^^^^^^^^^^^^^^^^^^^^^^^^^^^^^^^^^
    )
    ^
  File "C:\Users\Alvin Sony\AppData\Roaming\Python\Python313\site-packages\sqlalchemy\engine\base.py", line 1986, in 
_exec_single_context
    self._handle_dbapi_exception(
    ~~~~~~~~~~~~~~~~~~~~~~~~~~~~^
        e, str_statement, effective_parameters, cursor, context
        ^^^^^^^^^^^^^^^^^^^^^^^^^^^^^^^^^^^^^^^^^^^^^^^^^^^^^^^
    )
    ^
  File "C:\Users\Alvin Sony\AppData\Roaming\Python\Python313\site-packages\sqlalchemy\engine\base.py", line 2355, in 
_handle_dbapi_exception
    raise sqlalchemy_exception.with_traceback(exc_info[2]) from e
  File "C:\Users\Alvin Sony\AppData\Roaming\Python\Python313\site-packages\sqlalchemy\engine\base.py", line 1967, in 
_exec_single_context
    self.dialect.do_execute(
    ~~~~~~~~~~~~~~~~~~~~~~~^
        cursor, str_statement, effective_parameters, context
        ^^^^^^^^^^^^^^^^^^^^^^^^^^^^^^^^^^^^^^^^^^^^^^^^^^^^
    )
    ^
  File "C:\Users\Alvin Sony\AppData\Roaming\Python\Python313\site-packages\sqlalchemy\engine\default.py", line 951, in 
do_execute
    cursor.execute(statement, parameters)
    ~~~~~~~~~~~~~~^^^^^^^^^^^^^^^^^^^^^^^
sqlalchemy.exc.OperationalError: (sqlite3.OperationalError) no such column: user.last_login
[SQL: SELECT user.id AS user_id, user.username AS user_username, user.full_name AS user_full_name, user.phone_number 
AS user_phone_number, user.organization AS user_organization, user.password_hash AS user_password_hash, user.role AS 
user_role, user.password_changed_at AS user_password_changed_at, user.failed_login_attempts AS 
user_failed_login_attempts, user.is_locked AS user_is_locked, user.last_login AS user_last_login, user.created_at AS 
user_created_at 
FROM user 
WHERE user.username = ?
 LIMIT ? OFFSET ?]
[parameters: ('admin', 1, 0)]
(Background on this error at: https://sqlalche.me/e/20/e3q8)
[2026-02-26 09:14:14,627] INFO 127.0.0.1 - - [26/Feb/2026 09:14:14] "[35m[1mPOST /login HTTP/1.1[0m" 500 -
forrtl: error (200): program aborting due to window-CLOSE event
Image              PC                Routine            Line        Source             
KERNELBASE.dll     00007FFD024CD64D  Unknown               Unknown  Unknown
KERNEL32.DLL       00007FFD02C7E8D7  Unknown               Unknown  Unknown
ntdll.dll          00007FFD04AEC40C  Unknown               Unknown  Unknown
